<?xml version="1.0" encoding="UTF-8"?>
<!-- Generated by org.testng.reporters.JUnitReportReporter -->
<testsuite hostname="sayed-MS-7309" name="Laitkorgp.AppTest" tests="1" failures="0" timestamp="1 May 2015 07:47:03 GMT" time="31.250" errors="0">
  <testcase name="testLengthOfTheUniqueKey" time="31.250" classname="Laitkorgp.AppTest"/>
</testsuite>
