<?xml version="1.0" encoding="UTF-8"?>
<!-- Generated by org.testng.reporters.JUnitReportReporter -->
<testsuite hostname="sayed-MS-7309" name="Laitkorgp.AppTest" tests="2" failures="0" timestamp="2 May 2015 10:05:18 GMT" time="16.242" errors="0">
  <testcase name="paralleltetsone" time="6.120" classname="Laitkorgp.AppTest"/>
  <testcase name="paralleltetsone" time="10.122" classname="Laitkorgp.AppTest"/>
</testsuite>
