<?xml version="1.0" encoding="UTF-8"?>
<!-- Generated by org.testng.reporters.JUnitReportReporter -->
<testsuite hostname="sayed-MS-7309" name="Laitkorgp.AppTest" tests="4" failures="0" timestamp="2 May 2015 09:09:20 GMT" time="29.784" errors="0">
  <testcase name="paralleltetsone" time="12.684" classname="Laitkorgp.AppTest"/>
  <testcase name="paralleltesttwo" time="3.508" classname="Laitkorgp.AppTest"/>
  <testcase name="paralleltetsone" time="9.656" classname="Laitkorgp.AppTest"/>
  <testcase name="paralleltesttwo" time="3.936" classname="Laitkorgp.AppTest"/>
</testsuite>
