<?xml version="1.0" encoding="UTF-8"?>
<!-- Generated by org.testng.reporters.JUnitReportReporter -->
<testsuite hostname="sayed-MS-7309" name="Laitkorgp.AppTest" tests="4" failures="0" timestamp="2 May 2015 07:27:20 GMT" time="26.210" errors="0">
  <testcase name="paralleltesttwo" time="3.547" classname="Laitkorgp.AppTest"/>
  <testcase name="paralleltesttwo" time="1.226" classname="Laitkorgp.AppTest"/>
  <testcase name="paralleltetsone" time="7.917" classname="Laitkorgp.AppTest"/>
  <testcase name="paralleltetsone" time="13.520" classname="Laitkorgp.AppTest"/>
</testsuite> <!-- Laitkorgp.AppTest -->
